\BOOKMARK [0][-]{chapter.1}{\376\377\000B\000e\000v\000e\000z\000e\000t\000\351\000s}{}% 1
\BOOKMARK [0][-]{chapter.2}{\376\377\000K\000o\000n\000c\000e\000p\000c\000i\000\363}{}% 2
\BOOKMARK [1][-]{section.2.1}{\376\377\000A\000\040\000f\000e\000j\000e\000z\000e\000t\000\040\000c\000\351\000l\000j\000a}{chapter.2}% 3
\BOOKMARK [1][-]{section.2.2}{\376\377\000T\000a\000r\000t\000a\000l\000o\000m\000\040\000\351\000s\000\040\000f\000e\000l\000\351\000p\000\355\000t\000\351\000s}{chapter.2}% 4
\BOOKMARK [1][-]{section.2.3}{\376\377\000T\000e\000s\000z\000t\000e\000l\000\351\000s\000i\000\040\000m\000\363\000d\000s\000z\000e\000r\000t\000a\000n\000o\000k\000\040\000\351\000s\000\040\000m\000\363\000d\000s\000z\000e\000r\000e\000k}{chapter.2}% 5
\BOOKMARK [2][-]{subsection.2.3.1}{\376\377\000M\000a\000n\000u\000\341\000l\000i\000s\000\040\000t\000e\000s\000z\000t\000e\000l\000\351\000s}{section.2.3}% 6
\BOOKMARK [2][-]{subsection.2.3.2}{\376\377\000A\000d\000-\000h\000o\000c\000\040\000t\000e\000s\000z\000t\000e\000l\000\351\000s}{section.2.3}% 7
\BOOKMARK [2][-]{subsection.2.3.3}{\376\377\000S\000z\000i\000s\000z\000t\000e\000m\000a\000t\000i\000k\000u\000s\000\040\000t\000e\000s\000z\000t\000e\000l\000\351\000s}{section.2.3}% 8
\BOOKMARK [2][-]{subsection.2.3.4}{\376\377\000F\000e\000k\000e\000t\000e\000\040\000d\000o\000b\000o\000z\000\040\000t\000e\000s\000z\000t\000e\000l\000\351\000s}{section.2.3}% 9
\BOOKMARK [1][-]{section.2.4}{\376\377\000A\000m\000i\000t\000\040\000c\000s\000a\000k\000\040\000e\000m\000l\000\355\000t\000\351\000s\000\040\000s\000z\000i\000n\000t\000j\000\351\000n\000\040\000\351\000r\000d\000e\000m\000e\000s\000\040\000s\000z\000e\000r\000e\000p\000e\000l\000t\000e\000t\000n\000i}{chapter.2}% 10
\BOOKMARK [0][-]{chapter.3}{\376\377\000T\000e\000r\000v\000e\000z\000\351\000s}{}% 11
\BOOKMARK [1][-]{section.3.1}{\376\377\000A\000\040\000t\000e\000s\000z\000t\000e\000l\000\351\000s\000\040\000m\000e\000g\000t\000e\000r\000v\000e\000z\000\351\000s\000e}{chapter.3}% 12
\BOOKMARK [1][-]{section.3.2}{\376\377\000A\000\040\000t\000e\000s\000z\000t\000s\000t\000r\000a\000t\000\351\000g\000i\000a\000\040\000\351\000s\000\040\000a\000\040\000t\000e\000s\000z\000t\000e\000l\000\351\000s\000i\000\040\000m\000e\000g\000k\000\366\000z\000e\000l\000\355\000t\000\351\000s}{chapter.3}% 13
\BOOKMARK [2][-]{subsection.3.2.1}{\376\377\000A\000n\000a\000l\000i\000t\000i\000k\000u\000s}{section.3.2}% 14
\BOOKMARK [2][-]{subsection.3.2.2}{\376\377\000M\000o\000d\000e\000l\000l\000\040\000a\000l\000a\000p\000\372}{section.3.2}% 15
\BOOKMARK [2][-]{subsection.3.2.3}{\376\377\000M\000\363\000d\000s\000z\000e\000r\000e\000s}{section.3.2}% 16
\BOOKMARK [2][-]{subsection.3.2.4}{\376\377\000F\000o\000l\000y\000a\000m\000a\000t\000\040\000s\000z\000e\000r\000i\000n\000t\000i}{section.3.2}% 17
\BOOKMARK [2][-]{subsection.3.2.5}{\376\377\000I\000r\000\341\000n\000y\000\355\000t\000o\000t\000t}{section.3.2}% 18
\BOOKMARK [2][-]{subsection.3.2.6}{\376\377\000R\000e\000g\000r\000e\000s\000s\000z\000i\000\363\000-\000k\000e\000r\000\374\000l\001\121}{section.3.2}% 19
\BOOKMARK [2][-]{subsection.3.2.7}{\376\377\000R\000e\000a\000k\000t\000\355\000v}{section.3.2}% 20
\BOOKMARK [0][-]{chapter.4}{\376\377\000T\000e\000s\000z\000t\000e\000l\000\351\000s\000\040\000a\000\040\000g\000y\000a\000k\000o\000r\000l\000a\000t\000b\000a\000n}{}% 21
\BOOKMARK [1][-]{section.4.1}{\376\377\000F\000e\000k\000e\000t\000e\000\040\000d\000o\000b\000o\000z\000\040\000t\000e\000s\000z\000t\000e\000l\000\351\000s\000i\000\040\000m\000\363\000d\000s\000z\000e\000r\000e\000k\000\040\000a\000\040\000g\000y\000a\000k\000o\000r\000l\000a\000t\000b\000a\000n}{chapter.4}% 22
\BOOKMARK [2][-]{subsection.4.1.1}{\376\377\000E\000k\000v\000i\000v\000a\000l\000e\000n\000c\000i\000a\000\040\000p\000a\000r\000t\000i\000c\000i\000o\000n\000\341\000l\000\341\000s}{section.4.1}% 23
\BOOKMARK [2][-]{subsection.4.1.2}{\376\377\000H\000a\000t\000\341\000r\000\351\000r\000t\000\351\000k\000-\000e\000l\000e\000m\000z\000\351\000s}{section.4.1}% 24
\BOOKMARK [2][-]{subsection.4.1.3}{\376\377\000D\000\366\000n\000t\000\351\000s\000i\000\040\000t\000\341\000b\000l\000a\000\040\000t\000e\000s\000z\000t\000e\000l\000\351\000s}{section.4.1}% 25
\BOOKMARK [2][-]{subsection.4.1.4}{\376\377\000\301\000l\000l\000a\000p\000o\000t\000\341\000t\000m\000e\000n\000e\000t\000\040\000t\000e\000s\000z\000t\000e\000l\000\351\000s}{section.4.1}% 26
\BOOKMARK [2][-]{subsection.4.1.5}{\376\377\000H\000a\000s\000z\000n\000\341\000l\000a\000t\000i\000\040\000e\000s\000e\000t\000\040\000t\000e\000s\000z\000t\000e\000l\000\351\000s}{section.4.1}% 27
\BOOKMARK [0][-]{chapter.5}{\376\377\000A\000\040\000p\000r\000o\000g\000r\000a\000m\000\040\000b\000e\000m\000u\000t\000a\000t\000\341\000s\000a}{}% 28
\BOOKMARK [1][-]{section.5.1}{\376\377\000A\000\040\000p\000r\000o\000g\000r\000a\000m\000\040\000c\000\351\000l\000j\000a}{chapter.5}% 29
\BOOKMARK [1][-]{section.5.2}{\376\377\000B\000e\000j\000e\000l\000e\000n\000t\000k\000e\000z\000\351\000s}{chapter.5}% 30
\BOOKMARK [1][-]{section.5.3}{\376\377\000A\000\040\000k\000e\000z\000d\001\121\000k\000\351\000p\000e\000r\000n\000y\001\121}{chapter.5}% 31
\BOOKMARK [1][-]{section.5.4}{\376\377\000F\000a\000\040\000s\000t\000r\000u\000k\000t\000\372\000r\000a}{chapter.5}% 32
\BOOKMARK [1][-]{section.5.5}{\376\377\000F\000a\000\040\000k\000e\000z\000e\000l\001\121\000\040\000g\000o\000m\000b\000o\000k}{chapter.5}% 33
\BOOKMARK [2][-]{subsection.5.5.1}{\376\377\000\332\000j\000\040\000c\000s\000o\000m\000\363\000p\000o\000n\000t}{section.5.5}% 34
\BOOKMARK [2][-]{subsection.5.5.2}{\376\377\000\332\000j\000\040\000l\000e\000v\000\351\000l}{section.5.5}% 35
\BOOKMARK [2][-]{subsection.5.5.3}{\376\377\000C\000s\000o\000m\000\363\000p\000o\000n\000t\000\040\000t\000\366\000r\000l\000\351\000s}{section.5.5}% 36
\BOOKMARK [2][-]{subsection.5.5.4}{\376\377\000L\000e\000v\000\351\000l\000\040\000t\000\366\000r\000l\000\351\000s}{section.5.5}% 37
\BOOKMARK [1][-]{section.5.6}{\376\377\000K\000o\000n\000z\000o\000l}{chapter.5}% 38
\BOOKMARK [0][-]{chapter.6}{\376\377\000A\000u\000t\000o\000m\000a\000t\000a\000\040\000e\000g\000y\000s\000\351\000g\000\040\000t\000e\000s\000z\000t\000e\000l\000\351\000s}{}% 39
\BOOKMARK [1][-]{section.6.1}{\376\377\000B\000e\000j\000e\000l\000e\000n\000t\000k\000e\000z\000\351\000s}{chapter.6}% 40
\BOOKMARK [1][-]{section.6.2}{\376\377\000\332\000j\000\040\000c\000s\000o\000m\000\363\000p\000o\000n\000t\000\040\000h\000o\000z\000z\000\341\000a\000d\000\341\000s\000a}{chapter.6}% 41
\BOOKMARK [1][-]{section.6.3}{\376\377\000J\000D\000B\000C\000\040\000c\000s\000a\000t\000l\000a\000k\000o\000z\000\341\000s}{chapter.6}% 42
\BOOKMARK [1][-]{section.6.4}{\376\377\000J\000D\000B\000C\000\040\000t\000\341\000b\000l\000a\000\040\000k\000\351\000s\000z\000\355\000t\000\351\000s}{chapter.6}% 43
\BOOKMARK [0][-]{chapter.7}{\376\377\000\326\000s\000s\000z\000e\000f\000o\000g\000l\000a\000l\000\341\000s}{}% 44
\BOOKMARK [1][-]{section.7.1}{\376\377\000\311\000r\000t\000\351\000k\000e\000l\000\351\000s}{chapter.7}% 45
\BOOKMARK [1][-]{section.7.2}{\376\377\000T\000o\000v\000\341\000b\000b\000i\000\040\000t\000e\000r\000v\000e\000k}{chapter.7}% 46
\BOOKMARK [0][-]{section.7.2}{\376\377\000I\000r\000o\000d\000a\000l\000o\000m\000j\000e\000g\000y\000z\000\351\000k}{}% 47
